# JRE version: OpenJDK Runtime Environment Temurin-17.0.19+10 (17.0.19+10) (build 17.0.19+10)
# Java VM: OpenJDK 64-Bit Server VM Temurin-17.0.19+10 (17.0.19+10, mixed mode, sharing, tiered, compressed oops, compressed class ptrs, g1 gc, windows-amd64)
GC Precious Log:
 CPUs: 8 total, 8 available
 Memory: 8100M
 Large Page Support: Disabled
 NUMA Support: Disabled
 Compressed Oops: Enabled (32-bit)
 Heap Region Size: 1M
 Heap Min Capacity: 8M
 Heap Initial Capacity: 128M
 Heap Max Capacity: 2G
 Pre-touch: Disabled
 Parallel Workers: 8
 Concurrent Workers: 2
 Concurrent Refinement Workers: 8
 Periodic GC: Disabled
Heap:
 garbage-first heap   total 171008K, used 99863K [0x0000000080000000, 0x0000000100000000)
  region size 1024K, 34 young (34816K), 5 survivors (5120K)
 Metaspace       used 87122K, committed 87744K, reserved 1179648K
  class space    used 11771K, committed 12032K, reserved 1048576K
GC Heap History (20 events):
Event: 8.777 GC heap before
{Heap before GC invocations=22 (full 0):
 garbage-first heap   total 89088K, used 72560K [0x0000000080000000, 0x0000000100000000)
  region size 1024K, 21 young (21504K), 4 survivors (4096K)
 Metaspace       used 62229K, committed 62848K, reserved 1114112K
  class space    used 9076K, committed 9344K, reserved 1048576K
}
Event: 8.784 GC heap after
{Heap after GC invocations=23 (full 0):
 garbage-first heap   total 107520K, used 50431K [0x0000000080000000, 0x0000000100000000)
  region size 1024K, 3 young (3072K), 3 survivors (3072K)
 Metaspace       used 62229K, committed 62848K, reserved 1114112K
  class space    used 9076K, committed 9344K, reserved 1048576K
}
Event: 9.083 GC heap before
{Heap before GC invocations=24 (full 0):
 garbage-first heap   total 107520K, used 72959K [0x0000000080000000, 0x0000000100000000)
  region size 1024K, 26 young (26624K), 3 survivors (3072K)
 Metaspace       used 65171K, committed 65792K, reserved 1114112K
  class space    used 9404K, committed 9664K, reserved 1048576K
}
Event: 9.086 GC heap after
{Heap after GC invocations=25 (full 0):
 garbage-first heap   total 107520K, used 51537K [0x0000000080000000, 0x0000000100000000)
  region size 1024K, 4 young (4096K), 4 survivors (4096K)
 Metaspace       used 65171K, committed 65792K, reserved 1114112K
  class space    used 9404K, committed 9664K, reserved 1048576K
}
Event: 9.500 GC heap before
{Heap before GC invocations=26 (full 0):
 garbage-first heap   total 107520K, used 89425K [0x0000000080000000, 0x0000000100000000)
  region size 1024K, 34 young (34816K), 4 survivors (4096K)
 Metaspace       used 68100K, committed 68672K, reserved 1114112K
  class space    used 9702K, committed 9984K, reserved 1048576K
}
Event: 9.504 GC heap after
{Heap after GC invocations=27 (full 0):
 garbage-first heap   total 107520K, used 61266K [0x0000000080000000, 0x0000000100000000)
  region size 1024K, 4 young (4096K), 4 survivors (4096K)
 Metaspace       used 68100K, committed 68672K, reserved 1114112K
  class space    used 9702K, committed 9984K, reserved 1048576K
}
Event: 9.775 GC heap before
{Heap before GC invocations=27 (full 0):
 garbage-first heap   total 107520K, used 84818K [0x0000000080000000, 0x0000000100000000)
  region size 1024K, 28 young (28672K), 4 survivors (4096K)
 Metaspace       used 71111K, committed 71680K, reserved 1114112K
  class space    used 9944K, committed 10240K, reserved 1048576K
}
Event: 9.779 GC heap after
{Heap after GC invocations=28 (full 0):
 garbage-first heap   total 107520K, used 63315K [0x0000000080000000, 0x0000000100000000)
  region size 1024K, 3 young (3072K), 3 survivors (3072K)
 Metaspace       used 71111K, committed 71680K, reserved 1114112K
  class space    used 9944K, committed 10240K, reserved 1048576K
}
Event: 10.103 GC heap before
{Heap before GC invocations=29 (full 0):
 garbage-first heap   total 116736K, used 85843K [0x0000000080000000, 0x0000000100000000)
  region size 1024K, 26 young (26624K), 3 survivors (3072K)
 Metaspace       used 73775K, committed 74368K, reserved 1114112K
  class space    used 10270K, committed 10560K, reserved 1048576K
}
Event: 10.107 GC heap after
{Heap after GC invocations=30 (full 0):
 garbage-first heap   total 116736K, used 63726K [0x0000000080000000, 0x0000000100000000)
  region size 1024K, 3 young (3072K), 3 survivors (3072K)
 Metaspace       used 73775K, committed 74368K, reserved 1114112K
  class space    used 10270K, committed 10560K, reserved 1048576K
}
Event: 10.486 GC heap before
{Heap before GC invocations=30 (full 0):
 garbage-first heap   total 116736K, used 94446K [0x0000000080000000, 0x0000000100000000)
  region size 1024K, 33 young (33792K), 3 survivors (3072K)
 Metaspace       used 77407K, committed 78016K, reserved 1179648K
  class space    used 10687K, committed 10944K, reserved 1048576K
}
Event: 10.490 GC heap after
{Heap after GC invocations=31 (full 0):
 garbage-first heap   total 116736K, used 65059K [0x0000000080000000, 0x0000000100000000)
  region size 1024K, 4 young (4096K), 4 survivors (4096K)
 Metaspace       used 77407K, committed 78016K, reserved 1179648K
  class space    used 10687K, committed 10944K, reserved 1048576K
}
Event: 10.872 GC heap before
{Heap before GC invocations=32 (full 0):
 garbage-first heap   total 116736K, used 95779K [0x0000000080000000, 0x0000000100000000)
  region size 1024K, 34 young (34816K), 4 survivors (4096K)
 Metaspace       used 81149K, committed 81728K, reserved 1179648K
  class space    used 11184K, committed 11456K, reserved 1048576K
}
Event: 10.878 GC heap after
{Heap after GC invocations=33 (full 0):
 garbage-first heap   total 116736K, used 66841K [0x0000000080000000, 0x0000000100000000)
  region size 1024K, 5 young (5120K), 5 survivors (5120K)
 Metaspace       used 81149K, committed 81728K, reserved 1179648K
  class space    used 11184K, committed 11456K, reserved 1048576K
}
Event: 10.899 GC heap before
{Heap before GC invocations=33 (full 0):
 garbage-first heap   total 116736K, used 68889K [0x0000000080000000, 0x0000000100000000)
  region size 1024K, 8 young (8192K), 5 survivors (5120K)
 Metaspace       used 81188K, committed 81728K, reserved 1179648K
  class space    used 11186K, committed 11456K, reserved 1048576K
}
Event: 10.903 GC heap after
{Heap after GC invocations=34 (full 0):
 garbage-first heap   total 116736K, used 67657K [0x0000000080000000, 0x0000000100000000)
  region size 1024K, 3 young (3072K), 3 survivors (3072K)
 Metaspace       used 81188K, committed 81728K, reserved 1179648K
  class space    used 11186K, committed 11456K, reserved 1048576K
}
Event: 11.041 GC heap before
{Heap before GC invocations=35 (full 0):
 garbage-first heap   total 138240K, used 95305K [0x0000000080000000, 0x0000000100000000)
  region size 1024K, 29 young (29696K), 3 survivors (3072K)
 Metaspace       used 81309K, committed 81856K, reserved 1179648K
  class space    used 11186K, committed 11456K, reserved 1048576K
}
Event: 11.044 GC heap after
{Heap after GC invocations=36 (full 0):
 garbage-first heap   total 138240K, used 68960K [0x0000000080000000, 0x0000000100000000)
  region size 1024K, 2 young (2048K), 2 survivors (2048K)
 Metaspace       used 81309K, committed 81856K, reserved 1179648K
  class space    used 11186K, committed 11456K, reserved 1048576K
}
Event: 11.584 GC heap before
{Heap before GC invocations=36 (full 0):
 garbage-first heap   total 138240K, used 108896K [0x0000000080000000, 0x0000000100000000)
  region size 1024K, 41 young (41984K), 2 survivors (2048K)
 Metaspace       used 84171K, committed 84800K, reserved 1179648K
  class space    used 11470K, committed 11776K, reserved 1048576K
}
Event: 11.588 GC heap after
{Heap after GC invocations=37 (full 0):
 garbage-first heap   total 171008K, used 71191K [0x0000000080000000, 0x0000000100000000)
  region size 1024K, 5 young (5120K), 5 survivors (5120K)
 Metaspace       used 84171K, committed 84800K, reserved 1179648K
  class space    used 11470K, committed 11776K, reserved 1048576K
}

