# JRE version: OpenJDK Runtime Environment (21.0.10) (build 21.0.10+-14961533-b1163.108)
# Java VM: OpenJDK 64-Bit Server VM (21.0.10+-14961533-b1163.108, mixed mode, tiered, compressed oops, compressed class ptrs, g1 gc, windows-amd64)
GC Precious Log:
 CardTable entry size: 512
 Card Set container configuration: InlinePtr #cards 5 size 8 Array Of Cards #cards 12 size 40 Howl #buckets 4 coarsen threshold 1843 Howl Bitmap #cards 512 size 80 coarsen threshold 460 Card regions per heap region 1 cards per card region 2048
 CPUs: 8 total, 8 available
 Memory: 8100M
 Large Page Support: Disabled
 NUMA Support: Disabled
 Compressed Oops: Enabled (32-bit)
 Heap Region Size: 1M
 Heap Min Capacity: 8M
 Heap Initial Capacity: 128M
 Heap Max Capacity: 2G
 Pre-touch: Disabled
 Parallel Workers: 8
 Concurrent Workers: 2
 Concurrent Refinement Workers: 8
 Periodic GC: Disabled
Heap:
 garbage-first heap   total 404480K, used 279683K [0x0000000080000000, 0x0000000100000000)
  region size 1024K, 43 young (44032K), 4 survivors (4096K)
 Metaspace       used 208012K, committed 210688K, reserved 1245184K
  class space    used 27303K, committed 28608K, reserved 1048576K
GC Heap History (20 events):
Event: 28.159 GC heap before
{Heap before GC invocations=60 (full 0):
 garbage-first heap   total 286720K, used 264178K [0x0000000080000000, 0x0000000100000000)
  region size 1024K, 97 young (99328K), 7 survivors (7168K)
 Metaspace       used 186634K, committed 189120K, reserved 1245184K
  class space    used 24806K, committed 26048K, reserved 1048576K
}
Event: 28.167 GC heap after
{Heap after GC invocations=61 (full 0):
 garbage-first heap   total 286720K, used 176127K [0x0000000080000000, 0x0000000100000000)
  region size 1024K, 10 young (10240K), 10 survivors (10240K)
 Metaspace       used 186634K, committed 189120K, reserved 1245184K
  class space    used 24806K, committed 26048K, reserved 1048576K
}
Event: 28.893 GC heap before
{Heap before GC invocations=62 (full 0):
 garbage-first heap   total 295936K, used 267263K [0x0000000080000000, 0x0000000100000000)
  region size 1024K, 99 young (101376K), 10 survivors (10240K)
 Metaspace       used 187443K, committed 190016K, reserved 1245184K
  class space    used 24906K, committed 26176K, reserved 1048576K
}
Event: 28.904 GC heap after
{Heap after GC invocations=63 (full 0):
 garbage-first heap   total 295936K, used 182298K [0x0000000080000000, 0x0000000100000000)
  region size 1024K, 11 young (11264K), 11 survivors (11264K)
 Metaspace       used 187443K, committed 190016K, reserved 1245184K
  class space    used 24906K, committed 26176K, reserved 1048576K
}
Event: 67.767 GC heap before
{Heap before GC invocations=63 (full 0):
 garbage-first heap   total 295936K, used 273434K [0x0000000080000000, 0x0000000100000000)
  region size 1024K, 101 young (103424K), 11 survivors (11264K)
 Metaspace       used 191170K, committed 193792K, reserved 1245184K
  class space    used 25399K, committed 26688K, reserved 1048576K
}
Event: 67.781 GC heap after
{Heap after GC invocations=64 (full 0):
 garbage-first heap   total 295936K, used 182878K [0x0000000080000000, 0x0000000100000000)
  region size 1024K, 11 young (11264K), 11 survivors (11264K)
 Metaspace       used 191170K, committed 193792K, reserved 1245184K
  class space    used 25399K, committed 26688K, reserved 1048576K
}
Event: 68.104 GC heap before
{Heap before GC invocations=64 (full 0):
 garbage-first heap   total 295936K, used 196190K [0x0000000080000000, 0x0000000100000000)
  region size 1024K, 26 young (26624K), 11 survivors (11264K)
 Metaspace       used 192968K, committed 195584K, reserved 1245184K
  class space    used 25658K, committed 26944K, reserved 1048576K
}
Event: 68.112 GC heap after
{Heap after GC invocations=65 (full 0):
 garbage-first heap   total 295936K, used 183585K [0x0000000080000000, 0x0000000100000000)
  region size 1024K, 5 young (5120K), 5 survivors (5120K)
 Metaspace       used 192968K, committed 195584K, reserved 1245184K
  class space    used 25658K, committed 26944K, reserved 1048576K
}
Event: 69.591 GC heap before
{Heap before GC invocations=66 (full 0):
 garbage-first heap   total 312320K, used 288033K [0x0000000080000000, 0x0000000100000000)
  region size 1024K, 97 young (99328K), 5 survivors (5120K)
 Metaspace       used 199412K, committed 202048K, reserved 1245184K
  class space    used 26430K, committed 27712K, reserved 1048576K
}
Event: 69.605 GC heap after
{Heap after GC invocations=67 (full 0):
 garbage-first heap   total 313344K, used 209617K [0x0000000080000000, 0x0000000100000000)
  region size 1024K, 13 young (13312K), 13 survivors (13312K)
 Metaspace       used 199412K, committed 202048K, reserved 1245184K
  class space    used 26430K, committed 27712K, reserved 1048576K
}
Event: 70.955 GC heap before
{Heap before GC invocations=67 (full 0):
 garbage-first heap   total 313344K, used 284369K [0x0000000080000000, 0x0000000100000000)
  region size 1024K, 87 young (89088K), 13 survivors (13312K)
 Metaspace       used 202221K, committed 204864K, reserved 1245184K
  class space    used 26680K, committed 27968K, reserved 1048576K
}
Event: 70.975 GC heap after
{Heap after GC invocations=68 (full 0):
 garbage-first heap   total 313344K, used 211533K [0x0000000080000000, 0x0000000100000000)
  region size 1024K, 11 young (11264K), 11 survivors (11264K)
 Metaspace       used 202221K, committed 204864K, reserved 1245184K
  class space    used 26680K, committed 27968K, reserved 1048576K
}
Event: 71.497 GC heap before
{Heap before GC invocations=68 (full 0):
 garbage-first heap   total 313344K, used 283213K [0x0000000080000000, 0x0000000100000000)
  region size 1024K, 82 young (83968K), 11 survivors (11264K)
 Metaspace       used 202347K, committed 204992K, reserved 1245184K
  class space    used 26695K, committed 27968K, reserved 1048576K
}
Event: 71.518 GC heap after
{Heap after GC invocations=69 (full 0):
 garbage-first heap   total 313344K, used 225012K [0x0000000080000000, 0x0000000100000000)
  region size 1024K, 11 young (11264K), 11 survivors (11264K)
 Metaspace       used 202347K, committed 204992K, reserved 1245184K
  class space    used 26695K, committed 27968K, reserved 1048576K
}
Event: 72.024 GC heap before
{Heap before GC invocations=70 (full 0):
 garbage-first heap   total 375808K, used 284404K [0x0000000080000000, 0x0000000100000000)
  region size 1024K, 70 young (71680K), 11 survivors (11264K)
 Metaspace       used 202397K, committed 205056K, reserved 1245184K
  class space    used 26702K, committed 27968K, reserved 1048576K
}
Event: 72.038 GC heap after
{Heap after GC invocations=71 (full 0):
 garbage-first heap   total 375808K, used 228186K [0x0000000080000000, 0x0000000100000000)
  region size 1024K, 4 young (4096K), 4 survivors (4096K)
 Metaspace       used 202397K, committed 205056K, reserved 1245184K
  class space    used 26702K, committed 27968K, reserved 1048576K
}
Event: 73.148 GC heap before
{Heap before GC invocations=71 (full 0):
 garbage-first heap   total 375808K, used 344922K [0x0000000080000000, 0x0000000100000000)
  region size 1024K, 109 young (111616K), 4 survivors (4096K)
 Metaspace       used 203206K, committed 205824K, reserved 1245184K
  class space    used 26813K, committed 28096K, reserved 1048576K
}
Event: 73.156 GC heap after
{Heap after GC invocations=72 (full 0):
 garbage-first heap   total 375808K, used 237793K [0x0000000080000000, 0x0000000100000000)
  region size 1024K, 14 young (14336K), 14 survivors (14336K)
 Metaspace       used 203206K, committed 205824K, reserved 1245184K
  class space    used 26813K, committed 28096K, reserved 1048576K
}
Event: 73.232 GC heap before
{Heap before GC invocations=72 (full 0):
 garbage-first heap   total 375808K, used 247009K [0x0000000080000000, 0x0000000100000000)
  region size 1024K, 25 young (25600K), 14 survivors (14336K)
 Metaspace       used 203211K, committed 205824K, reserved 1245184K
  class space    used 26813K, committed 28096K, reserved 1048576K
}
Event: 73.239 GC heap after
{Heap after GC invocations=73 (full 0):
 garbage-first heap   total 375808K, used 241795K [0x0000000080000000, 0x0000000100000000)
  region size 1024K, 4 young (4096K), 4 survivors (4096K)
 Metaspace       used 203211K, committed 205824K, reserved 1245184K
  class space    used 26813K, committed 28096K, reserved 1048576K
}

